E:\Courses\repos\Vega.API\Vega-Client-API\dist\out-tsc\e2e\src\app.po.js
E:\Courses\repos\Vega.API\Vega-Client-API\dist\out-tsc\e2e\src\app.po.js.map
E:\Courses\repos\Vega.API\Vega-Client-API\dist\out-tsc\e2e\src\app.e2e-spec.js
E:\Courses\repos\Vega.API\Vega-Client-API\dist\out-tsc\e2e\src\app.e2e-spec.js.map
E:\Courses\repos\Vega.API\Vega-Client-API\dist\out-tsc\src\app\app-routing.module.js
E:\Courses\repos\Vega.API\Vega-Client-API\dist\out-tsc\src\app\app-routing.module.js.map
E:\Courses\repos\Vega.API\Vega-Client-API\dist\out-tsc\src\app\app.component.js
E:\Courses\repos\Vega.API\Vega-Client-API\dist\out-tsc\src\app\app.component.js.map
E:\Courses\repos\Vega.API\Vega-Client-API\dist\out-tsc\src\app\app.module.js
E:\Courses\repos\Vega.API\Vega-Client-API\dist\out-tsc\src\app\app.module.js.map
E:\Courses\repos\Vega.API\Vega-Client-API\dist\out-tsc\src\environments\environment.js
E:\Courses\repos\Vega.API\Vega-Client-API\dist\out-tsc\src\environments\environment.js.map
E:\Courses\repos\Vega.API\Vega-Client-API\dist\out-tsc\src\main.js
E:\Courses\repos\Vega.API\Vega-Client-API\dist\out-tsc\src\main.js.map
E:\Courses\repos\Vega.API\Vega-Client-API\dist\out-tsc\src\polyfills.js
E:\Courses\repos\Vega.API\Vega-Client-API\dist\out-tsc\src\polyfills.js.map
E:\Courses\repos\Vega.API\Vega-Client-API\dist\out-tsc\src\test.js
E:\Courses\repos\Vega.API\Vega-Client-API\dist\out-tsc\src\test.js.map
E:\Courses\repos\Vega.API\Vega-Client-API\dist\out-tsc\src\environments\environment.prod.js
E:\Courses\repos\Vega.API\Vega-Client-API\dist\out-tsc\src\environments\environment.prod.js.map
